<?xml version="1.0" encoding="UTF-8"?>
<!-- Generated by org.testng.reporters.JUnitXMLReporter -->
<testsuite ignored="14" hostname="LPFKOL015150" failures="0" tests="1" name="Default test" time="24.822" errors="0" timestamp="2023-10-05T16:55:47 IST">
  <testcase classname="testClassPackage.SelectCampaignAndVoiceTest" name="@AfterMethod TearDown" time="0.092">
    <failure type="org.openqa.selenium.UnhandledAlertException" message="Dismissed user prompt dialog: Can&amp;apos;t communicate with the server. Please contact administrator or disable protection on browser.: 
Build info: version: &amp;apos;4.13.0&amp;apos;, revision: &amp;apos;ba948ece5b*&amp;apos;
System info: os.name: &amp;apos;Windows 10&amp;apos;, os.arch: &amp;apos;amd64&amp;apos;, os.version: &amp;apos;10.0&amp;apos;, java.version: &amp;apos;20.0.1&amp;apos;
Driver info: org.openqa.selenium.firefox.FirefoxDriver
Command: [35e22883-a4ed-493c-9f0e-50c91ac6ff38, close {}]
Capabilities {acceptInsecureCerts: true, browserName: firefox, browserVersion: 118.0.1, moz:accessibilityChecks: false, moz:buildID: 20230927232528, moz:debuggerAddress: 127.0.0.1:7750, moz:geckodriverVersion: 0.33.0, moz:headless: false, moz:platformVersion: 10.0, moz:processID: 25636, moz:profile: C:\Users\FKOL01~1\AppData\L..., moz:shutdownTimeout: 60000, moz:webdriverClick: true, moz:windowless: false, pageLoadStrategy: normal, platformName: windows, proxy: Proxy(), se:cdp: ws://127.0.0.1:7750/devtool..., se:cdpVersion: 85.0, setWindowRect: true, strictFileInteractability: false, timeouts: {implicit: 0, pageLoad: 300000, script: 30000}, unhandledPromptBehavior: dismiss and notify}
Session ID: 35e22883-a4ed-493c-9f0e-50c91ac6ff38">
      <![CDATA[org.openqa.selenium.UnhandledAlertException: Dismissed user prompt dialog: Can't communicate with the server. Please contact administrator or disable protection on browser.: 
Build info: version: '4.13.0', revision: 'ba948ece5b*'
System info: os.name: 'Windows 10', os.arch: 'amd64', os.version: '10.0', java.version: '20.0.1'
Driver info: org.openqa.selenium.firefox.FirefoxDriver
Command: [35e22883-a4ed-493c-9f0e-50c91ac6ff38, close {}]
Capabilities {acceptInsecureCerts: true, browserName: firefox, browserVersion: 118.0.1, moz:accessibilityChecks: false, moz:buildID: 20230927232528, moz:debuggerAddress: 127.0.0.1:7750, moz:geckodriverVersion: 0.33.0, moz:headless: false, moz:platformVersion: 10.0, moz:processID: 25636, moz:profile: C:\Users\FKOL01~1\AppData\L..., moz:shutdownTimeout: 60000, moz:webdriverClick: true, moz:windowless: false, pageLoadStrategy: normal, platformName: windows, proxy: Proxy(), se:cdp: ws://127.0.0.1:7750/devtool..., se:cdpVersion: 85.0, setWindowRect: true, strictFileInteractability: false, timeouts: {implicit: 0, pageLoad: 300000, script: 30000}, unhandledPromptBehavior: dismiss and notify}
Session ID: 35e22883-a4ed-493c-9f0e-50c91ac6ff38
at org.openqa.selenium.remote.codec.w3c.W3CHttpResponseCodec.decode(W3CHttpResponseCodec.java:131)
at org.openqa.selenium.remote.codec.w3c.W3CHttpResponseCodec.decode(W3CHttpResponseCodec.java:52)
at org.openqa.selenium.remote.HttpCommandExecutor.execute(HttpCommandExecutor.java:191)
at org.openqa.selenium.remote.service.DriverCommandExecutor.invokeExecute(DriverCommandExecutor.java:196)
at org.openqa.selenium.remote.service.DriverCommandExecutor.execute(DriverCommandExecutor.java:171)
at org.openqa.selenium.remote.RemoteWebDriver.execute(RemoteWebDriver.java:602)
at org.openqa.selenium.remote.RemoteWebDriver.execute(RemoteWebDriver.java:675)
at org.openqa.selenium.remote.RemoteWebDriver.execute(RemoteWebDriver.java:679)
at org.openqa.selenium.remote.RemoteWebDriver.close(RemoteWebDriver.java:409)
at basepackage.baseClass.closeBrowser(baseClass.java:55)
at testClassPackage.SelectCampaignAndVoiceTest.TearDown(SelectCampaignAndVoiceTest.java:40)
at java.base/jdk.internal.reflect.DirectMethodHandleAccessor.invoke(DirectMethodHandleAccessor.java:104)
at java.base/java.lang.reflect.Method.invoke(Method.java:578)
at org.testng.internal.invokers.MethodInvocationHelper.invokeMethod(MethodInvocationHelper.java:139)
at org.testng.internal.invokers.MethodInvocationHelper.invokeMethodConsideringTimeout(MethodInvocationHelper.java:69)
at org.testng.internal.invokers.ConfigInvoker.invokeConfigurationMethod(ConfigInvoker.java:390)
at org.testng.internal.invokers.ConfigInvoker.invokeConfigurations(ConfigInvoker.java:325)
at org.testng.internal.invokers.TestInvoker.runConfigMethods(TestInvoker.java:810)
at org.testng.internal.invokers.TestInvoker.runAfterConfigurations(TestInvoker.java:779)
at org.testng.internal.invokers.TestInvoker.invokeMethod(TestInvoker.java:755)
at org.testng.internal.invokers.TestInvoker.invokeTestMethod(TestInvoker.java:227)
at org.testng.internal.invokers.MethodRunner.runInSequence(MethodRunner.java:50)
at org.testng.internal.invokers.TestInvoker$MethodInvocationAgent.invoke(TestInvoker.java:957)
at org.testng.internal.invokers.TestInvoker.invokeTestMethods(TestInvoker.java:200)
at org.testng.internal.invokers.TestMethodWorker.invokeTestMethods(TestMethodWorker.java:148)
at org.testng.internal.invokers.TestMethodWorker.run(TestMethodWorker.java:128)
at java.base/java.util.ArrayList.forEach(ArrayList.java:1511)
at org.testng.TestRunner.privateRun(TestRunner.java:848)
at org.testng.TestRunner.run(TestRunner.java:621)
at org.testng.SuiteRunner.runTest(SuiteRunner.java:443)
at org.testng.SuiteRunner.runSequentially(SuiteRunner.java:437)
at org.testng.SuiteRunner.privateRun(SuiteRunner.java:397)
at org.testng.SuiteRunner.run(SuiteRunner.java:336)
at org.testng.SuiteRunnerWorker.runSuite(SuiteRunnerWorker.java:52)
at org.testng.SuiteRunnerWorker.run(SuiteRunnerWorker.java:95)
at org.testng.TestNG.runSuitesSequentially(TestNG.java:1280)
at org.testng.TestNG.runSuitesLocally(TestNG.java:1200)
at org.testng.TestNG.runSuites(TestNG.java:1114)
at org.testng.TestNG.run(TestNG.java:1082)
at org.testng.remote.AbstractRemoteTestNG.run(AbstractRemoteTestNG.java:115)
at org.testng.remote.RemoteTestNG.initAndRun(RemoteTestNG.java:251)
at org.testng.remote.RemoteTestNG.main(RemoteTestNG.java:77)
]]>
    </failure>
  </testcase> <!-- @AfterMethod TearDown -->
  <testcase classname="testClassPackage.SelectCampaignAndVoiceTest" name="verifyCampaign_What_If_Media_Auto_Signals_CampaignWithVoice" time="4.631"/>
  <testcase classname="testClassPackage.SelectCampaignAndVoiceTest" name="VerifySelectCampaignPageCaption" time="0.0">
    <ignored/>
  </testcase> <!-- VerifySelectCampaignPageCaption -->
  <testcase classname="testClassPackage.SelectCampaignAndVoiceTest" name="verifyCampaignLIT_CCD_DV_LV_MXWithVoice" time="0.0">
    <ignored/>
  </testcase> <!-- verifyCampaignLIT_CCD_DV_LV_MXWithVoice -->
  <testcase classname="testClassPackage.SelectCampaignAndVoiceTest" name="VerifyBackToStationPage" time="0.0">
    <ignored/>
  </testcase> <!-- VerifyBackToStationPage -->
  <testcase classname="testClassPackage.SelectCampaignAndVoiceTest" name="VerifySelectInnovative_QualifiersCampaignWithoutSelectVoice" time="0.0">
    <ignored/>
  </testcase> <!-- VerifySelectInnovative_QualifiersCampaignWithoutSelectVoice -->
  <testcase classname="testClassPackage.SelectCampaignAndVoiceTest" name="VerifySelectNSBCampaignWithoutSelectVoice" time="0.0">
    <ignored/>
  </testcase> <!-- VerifySelectNSBCampaignWithoutSelectVoice -->
  <testcase classname="testClassPackage.SelectCampaignAndVoiceTest" name="VerifyCampaignLIT_ACA_WithVoice" time="0.0">
    <ignored/>
  </testcase> <!-- VerifyCampaignLIT_ACA_WithVoice -->
  <testcase classname="testClassPackage.SelectCampaignAndVoiceTest" name="VerifyLogoutButtonFunction" time="0.0">
    <ignored/>
  </testcase> <!-- VerifyLogoutButtonFunction -->
  <testcase classname="testClassPackage.SelectCampaignAndVoiceTest" name="VerifyWhatIfMediaHealthCampaignWithSelectVoice" time="0.0">
    <ignored/>
  </testcase> <!-- VerifyWhatIfMediaHealthCampaignWithSelectVoice -->
  <testcase classname="testClassPackage.SelectCampaignAndVoiceTest" name="VerifySelectNSBCampaignWitSelectVoice" time="0.0">
    <ignored/>
  </testcase> <!-- VerifySelectNSBCampaignWitSelectVoice -->
  <testcase classname="testClassPackage.SelectCampaignAndVoiceTest" name="VerifyWhatIfMediaHealthCampaignWithOutSelectVoice" time="0.0">
    <ignored/>
  </testcase> <!-- VerifyWhatIfMediaHealthCampaignWithOutSelectVoice -->
  <testcase classname="testClassPackage.SelectCampaignAndVoiceTest" name="verifyCampaign_LIT_FE_withVoice" time="0.0">
    <ignored/>
  </testcase> <!-- verifyCampaign_LIT_FE_withVoice -->
  <testcase classname="testClassPackage.SelectCampaignAndVoiceTest" name="verifyCampaign_POSA_Pledge_Assistance_WithVoice" time="0.0">
    <ignored/>
  </testcase> <!-- verifyCampaign_POSA_Pledge_Assistance_WithVoice -->
  <testcase classname="testClassPackage.SelectCampaignAndVoiceTest" name="VerifySelectInnovative_QualifiersCampaignWithSelectVoice" time="0.0">
    <ignored/>
  </testcase> <!-- VerifySelectInnovative_QualifiersCampaignWithSelectVoice -->
  <testcase classname="testClassPackage.SelectCampaignAndVoiceTest" name="verifyCampaign_Tax_relief_Statement_WithVoice" time="0.0">
    <ignored/>
  </testcase> <!-- verifyCampaign_Tax_relief_Statement_WithVoice -->
</testsuite> <!-- Default test -->
