<?xml version="1.0" encoding="UTF-8"?>
<!-- Generated by org.testng.reporters.JUnitReportReporter -->
<testsuite hostname="LPFKOL015150" failures="0" tests="16" name="testClassPackage.SelectCampaignAndVoiceTest" time="76.644" errors="1" timestamp="2023-10-05T19:39:50 IST" skipped="15">
  <testcase classname="testClassPackage.SelectCampaignAndVoiceTest" name="StartBrowser" time="76.643">
    <error message="Browsing context has been discarded
Build info: version: &#039;4.13.0&#039;, revision: &#039;ba948ece5b*&#039;
System info: os.name: &#039;Windows 10&#039;, os.arch: &#039;amd64&#039;, os.version: &#039;10.0&#039;, java.version: &#039;20.0.1&#039;
Driver info: org.openqa.selenium.firefox.FirefoxDriver
Command: [8842b6fa-c777-4d89-968e-2f9433524d12, maximizeCurrentWindow {}]
Capabilities {acceptInsecureCerts: true, browserName: firefox, browserVersion: 118.0.1, moz:accessibilityChecks: false, moz:buildID: 20230927232528, moz:debuggerAddress: 127.0.0.1:27100, moz:geckodriverVersion: 0.33.0, moz:headless: false, moz:platformVersion: 10.0, moz:processID: 16072, moz:profile: C:\Users\FKOL01~1\AppData\L..., moz:shutdownTimeout: 60000, moz:webdriverClick: true, moz:windowless: false, pageLoadStrategy: normal, platformName: windows, proxy: Proxy(), se:cdp: ws://127.0.0.1:27100/devtoo..., se:cdpVersion: 85.0, setWindowRect: true, strictFileInteractability: false, timeouts: {implicit: 0, pageLoad: 300000, script: 30000}, unhandledPromptBehavior: dismiss and notify}
Session ID: 8842b6fa-c777-4d89-968e-2f9433524d12" type="org.openqa.selenium.NoSuchWindowException">
      <![CDATA[org.openqa.selenium.NoSuchWindowException: Browsing context has been discarded
Build info: version: '4.13.0', revision: 'ba948ece5b*'
System info: os.name: 'Windows 10', os.arch: 'amd64', os.version: '10.0', java.version: '20.0.1'
Driver info: org.openqa.selenium.firefox.FirefoxDriver
Command: [8842b6fa-c777-4d89-968e-2f9433524d12, maximizeCurrentWindow {}]
Capabilities {acceptInsecureCerts: true, browserName: firefox, browserVersion: 118.0.1, moz:accessibilityChecks: false, moz:buildID: 20230927232528, moz:debuggerAddress: 127.0.0.1:27100, moz:geckodriverVersion: 0.33.0, moz:headless: false, moz:platformVersion: 10.0, moz:processID: 16072, moz:profile: C:\Users\FKOL01~1\AppData\L..., moz:shutdownTimeout: 60000, moz:webdriverClick: true, moz:windowless: false, pageLoadStrategy: normal, platformName: windows, proxy: Proxy(), se:cdp: ws://127.0.0.1:27100/devtoo..., se:cdpVersion: 85.0, setWindowRect: true, strictFileInteractability: false, timeouts: {implicit: 0, pageLoad: 300000, script: 30000}, unhandledPromptBehavior: dismiss and notify}
Session ID: 8842b6fa-c777-4d89-968e-2f9433524d12
at java.base/jdk.internal.reflect.DirectConstructorHandleAccessor.newInstance(DirectConstructorHandleAccessor.java:67)
at java.base/java.lang.reflect.Constructor.newInstanceWithCaller(Constructor.java:500)
at java.base/java.lang.reflect.Constructor.newInstance(Constructor.java:484)
at org.openqa.selenium.remote.codec.w3c.W3CHttpResponseCodec.createException(W3CHttpResponseCodec.java:200)
at org.openqa.selenium.remote.codec.w3c.W3CHttpResponseCodec.decode(W3CHttpResponseCodec.java:133)
at org.openqa.selenium.remote.codec.w3c.W3CHttpResponseCodec.decode(W3CHttpResponseCodec.java:52)
at org.openqa.selenium.remote.HttpCommandExecutor.execute(HttpCommandExecutor.java:191)
at org.openqa.selenium.remote.service.DriverCommandExecutor.invokeExecute(DriverCommandExecutor.java:196)
at org.openqa.selenium.remote.service.DriverCommandExecutor.execute(DriverCommandExecutor.java:171)
at org.openqa.selenium.remote.RemoteWebDriver.execute(RemoteWebDriver.java:602)
at org.openqa.selenium.remote.RemoteWebDriver.execute(RemoteWebDriver.java:675)
at org.openqa.selenium.remote.RemoteWebDriver.execute(RemoteWebDriver.java:679)
at org.openqa.selenium.remote.RemoteWebDriver$RemoteWebDriverOptions$RemoteWindow.maximize(RemoteWebDriver.java:1063)
at basepackage.baseClass.setUp(baseClass.java:48)
at testClassPackage.SelectCampaignAndVoiceTest.StartBrowser(SelectCampaignAndVoiceTest.java:32)
at java.base/jdk.internal.reflect.DirectMethodHandleAccessor.invoke(DirectMethodHandleAccessor.java:104)
at java.base/java.lang.reflect.Method.invoke(Method.java:578)
at org.testng.internal.invokers.MethodInvocationHelper.invokeMethod(MethodInvocationHelper.java:139)
at org.testng.internal.invokers.MethodInvocationHelper.invokeMethodConsideringTimeout(MethodInvocationHelper.java:69)
at org.testng.internal.invokers.ConfigInvoker.invokeConfigurationMethod(ConfigInvoker.java:390)
at org.testng.internal.invokers.ConfigInvoker.invokeConfigurations(ConfigInvoker.java:325)
at org.testng.internal.invokers.TestInvoker.runConfigMethods(TestInvoker.java:810)
at org.testng.internal.invokers.TestInvoker.invokeMethod(TestInvoker.java:577)
at org.testng.internal.invokers.TestInvoker.invokeTestMethod(TestInvoker.java:227)
at org.testng.internal.invokers.MethodRunner.runInSequence(MethodRunner.java:50)
at org.testng.internal.invokers.TestInvoker$MethodInvocationAgent.invoke(TestInvoker.java:957)
at org.testng.internal.invokers.TestInvoker.invokeTestMethods(TestInvoker.java:200)
at org.testng.internal.invokers.TestMethodWorker.invokeTestMethods(TestMethodWorker.java:148)
at org.testng.internal.invokers.TestMethodWorker.run(TestMethodWorker.java:128)
at java.base/java.util.ArrayList.forEach(ArrayList.java:1511)
at org.testng.TestRunner.privateRun(TestRunner.java:848)
at org.testng.TestRunner.run(TestRunner.java:621)
at org.testng.SuiteRunner.runTest(SuiteRunner.java:443)
at org.testng.SuiteRunner.runSequentially(SuiteRunner.java:437)
at org.testng.SuiteRunner.privateRun(SuiteRunner.java:397)
at org.testng.SuiteRunner.run(SuiteRunner.java:336)
at org.testng.SuiteRunnerWorker.runSuite(SuiteRunnerWorker.java:52)
at org.testng.SuiteRunnerWorker.run(SuiteRunnerWorker.java:95)
at org.testng.TestNG.runSuitesSequentially(TestNG.java:1280)
at org.testng.TestNG.runSuitesLocally(TestNG.java:1200)
at org.testng.TestNG.runSuites(TestNG.java:1114)
at org.testng.TestNG.run(TestNG.java:1082)
at org.testng.remote.AbstractRemoteTestNG.run(AbstractRemoteTestNG.java:115)
at org.testng.remote.RemoteTestNG.initAndRun(RemoteTestNG.java:251)
at org.testng.remote.RemoteTestNG.main(RemoteTestNG.java:77)
]]>
    </error>
  </testcase> <!-- StartBrowser -->
  <testcase classname="testClassPackage.SelectCampaignAndVoiceTest" name="VerifySelectCampaignPageCaption" time="0.000">
    <skipped/>
  </testcase> <!-- VerifySelectCampaignPageCaption -->
  <testcase classname="testClassPackage.SelectCampaignAndVoiceTest" name="VerifyBackToStationPage" time="0.000">
    <skipped/>
  </testcase> <!-- VerifyBackToStationPage -->
  <testcase classname="testClassPackage.SelectCampaignAndVoiceTest" name="VerifySelectNSBCampaignWithoutSelectVoice" time="0.000">
    <skipped/>
  </testcase> <!-- VerifySelectNSBCampaignWithoutSelectVoice -->
  <testcase classname="testClassPackage.SelectCampaignAndVoiceTest" name="VerifySelectNSBCampaignWitSelectVoice" time="0.000">
    <skipped/>
  </testcase> <!-- VerifySelectNSBCampaignWitSelectVoice -->
  <testcase classname="testClassPackage.SelectCampaignAndVoiceTest" name="VerifyLogoutButtonFunction" time="0.000">
    <skipped/>
  </testcase> <!-- VerifyLogoutButtonFunction -->
  <testcase classname="testClassPackage.SelectCampaignAndVoiceTest" name="VerifySelectInnovative_QualifiersCampaignWithoutSelectVoice" time="0.000">
    <skipped/>
  </testcase> <!-- VerifySelectInnovative_QualifiersCampaignWithoutSelectVoice -->
  <testcase classname="testClassPackage.SelectCampaignAndVoiceTest" name="VerifySelectInnovative_QualifiersCampaignWithSelectVoice" time="0.000">
    <skipped/>
  </testcase> <!-- VerifySelectInnovative_QualifiersCampaignWithSelectVoice -->
  <testcase classname="testClassPackage.SelectCampaignAndVoiceTest" name="VerifyWhatIfMediaHealthCampaignWithOutSelectVoice" time="0.000">
    <skipped/>
  </testcase> <!-- VerifyWhatIfMediaHealthCampaignWithOutSelectVoice -->
  <testcase classname="testClassPackage.SelectCampaignAndVoiceTest" name="VerifyWhatIfMediaHealthCampaignWithSelectVoice" time="0.001">
    <skipped/>
  </testcase> <!-- VerifyWhatIfMediaHealthCampaignWithSelectVoice -->
  <testcase classname="testClassPackage.SelectCampaignAndVoiceTest" name="VerifyCampaignLIT_ACA_WithVoice" time="0.000">
    <skipped/>
  </testcase> <!-- VerifyCampaignLIT_ACA_WithVoice -->
  <testcase classname="testClassPackage.SelectCampaignAndVoiceTest" name="verifyCampaignLIT_CCD_DV_LV_MXWithVoice" time="0.000">
    <skipped/>
  </testcase> <!-- verifyCampaignLIT_CCD_DV_LV_MXWithVoice -->
  <testcase classname="testClassPackage.SelectCampaignAndVoiceTest" name="verifyCampaign_LIT_FE_withVoice" time="0.000">
    <skipped/>
  </testcase> <!-- verifyCampaign_LIT_FE_withVoice -->
  <testcase classname="testClassPackage.SelectCampaignAndVoiceTest" name="verifyCampaign_POSA_Pledge_Assistance_WithVoice" time="0.000">
    <skipped/>
  </testcase> <!-- verifyCampaign_POSA_Pledge_Assistance_WithVoice -->
  <testcase classname="testClassPackage.SelectCampaignAndVoiceTest" name="verifyCampaign_Tax_relief_Statement_WithVoice" time="0.000">
    <skipped/>
  </testcase> <!-- verifyCampaign_Tax_relief_Statement_WithVoice -->
  <testcase classname="testClassPackage.SelectCampaignAndVoiceTest" name="verifyCampaign_What_If_Media_Auto_Signals_CampaignWithVoice" time="0.000">
    <skipped/>
  </testcase> <!-- verifyCampaign_What_If_Media_Auto_Signals_CampaignWithVoice -->
</testsuite> <!-- testClassPackage.SelectCampaignAndVoiceTest -->
